-----------------------------------------------
SLURM_NNODES: 1
SLURM_JOB_NODELIST: hpcdgx01
SLURM_SUBMIT_DIR: /home/ifezukwo
SLURM_SUBMIT_HOST: hpclogin01
SLURM_JOB_ID: 65046961
SLURM_JOB_NAME: BLINE
SLURM_JOB_PARTITION: audace2018
SLURM_NTASKS: 1
SLURM_TASKS_PER_NODE: 1
SLURM_NTASKS_PER_NODE:
-----------------------------------------------
Run program...
2023-11-26 12:15:13.312654: I tensorflow/core/platform/cpu_feature_guard.cc:193] This TensorFlow binary is optimized with oneAPI Deep Neural Network Library (oneDNN) to use the following CPU instructions in performance-critical operations:  AVX2 FMA
To enable them in other operations, rebuild TensorFlow with the appropriate compiler flags.
2023-11-26 12:15:13.564087: E tensorflow/stream_executor/cuda/cuda_blas.cc:2981] Unable to register cuBLAS factory: Attempting to register factory for plugin cuBLAS when one has already been registered
2023-11-26 12:15:14.684180: W tensorflow/stream_executor/platform/default/dso_loader.cc:64] Could not load dynamic library 'libnvinfer.so.7'; dlerror: libnvinfer.so.7: cannot open shared object file: No such file or directory; LD_LIBRARY_PATH: /opt/apps/cuda-11.2.152/targets/x86_64-linux/lib:/opt/apps/gcc-8.1.0/python-3.7.1/lib:/opt/core/gcc-8.1.0/lib64:/opt/core/gcc-8.1.0/lib
2023-11-26 12:15:14.684383: W tensorflow/stream_executor/platform/default/dso_loader.cc:64] Could not load dynamic library 'libnvinfer_plugin.so.7'; dlerror: libnvinfer_plugin.so.7: cannot open shared object file: No such file or directory; LD_LIBRARY_PATH: /opt/apps/cuda-11.2.152/targets/x86_64-linux/lib:/opt/apps/gcc-8.1.0/python-3.7.1/lib:/opt/core/gcc-8.1.0/lib64:/opt/core/gcc-8.1.0/lib
2023-11-26 12:15:14.684397: W tensorflow/compiler/tf2tensorrt/utils/py_utils.cc:38] TF-TRT Warning: Cannot dlopen some TensorRT libraries. If you would like to use Nvidia GPU with TensorRT, please make sure the missing libraries mentioned above are installed properly.
/home/ifezukwo/meso-env/lib/python3.7/site-packages/sklearn/neural_network/_multilayer_perceptron.py:500: ConvergenceWarning: lbfgs failed to converge (status=1):
STOP: TOTAL NO. of ITERATIONS REACHED LIMIT.

Increase the number of iterations (max_iter) or scale the data as shown in:
    https://scikit-learn.org/stable/modules/preprocessing.html
  self.n_iter_ = _check_optimize_result("lbfgs", opt_res, self.max_iter)
==============================
MLPClassifier
****Results****
Accuracy: 0.982
AUC: 0.500
Log Loss: 0.08720425602479279
==============================
AdaBoostClassifier
****Results****
Accuracy: 0.982
AUC: 0.500
Log Loss: 0.6501094968402374
==============================
GradientBoostingClassifier
****Results****
Accuracy: 0.981
AUC: 0.500
Log Loss: 0.08426866883320457
==============================
GaussianNB
****Results****
Accuracy: 0.875
AUC: 0.579
Log Loss: 0.5577729628731315
==============================
LinearDiscriminantAnalysis
****Results****
Accuracy: 0.982
AUC: 0.500
Log Loss: 0.08602948068399081
==============================
QuadraticDiscriminantAnalysis
****Results****
Accuracy: 0.904
AUC: 0.566
Log Loss: 0.4361793588752542
==============================
-----------------------------------------------
